
*** Running vivado
    with args -log TOP.vds -m64 -product Vivado -mode batch -messageDb vivado.pb -notrace -source TOP.tcl


ECHO is off.
ECHO is off.

****** Vivado v2023.1 (64-bit)
  **** SW Build 3865809 on Sun May  7 15:05:29 MDT 2023
  **** IP Build 3864474 on Sun May  7 20:36:21 MDT 2023
  **** SharedData Build 3865790 on Sun May 07 13:33:03 MDT 2023
    ** Copyright 1986-2022 Xilinx, Inc. All Rights Reserved.
    ** Copyright 2022-2023 Advanced Micro Devices, Inc. All Rights Reserved.

source TOP.tcl -notrace
Command: read_checkpoint -auto_incremental -incremental C:/Users/james/ETS/Hiver_2024/ELE739/ELE739-Projet_1/Projet_1/Projet_1.srcs/utils_1/imports/synth_1/feu_traffique.dcp
INFO: [Vivado 12-5825] Read reference checkpoint from C:/Users/james/ETS/Hiver_2024/ELE739/ELE739-Projet_1/Projet_1/Projet_1.srcs/utils_1/imports/synth_1/feu_traffique.dcp for incremental synthesis
INFO: [Vivado 12-7989] Please ensure there are no constraint changes
Command: synth_design -top TOP -part xc7a35tcpg236-1
Starting synth_design
Attempting to get a license for feature 'Synthesis' and/or device 'xc7a35t'
INFO: [Common 17-349] Got license for feature 'Synthesis' and/or device 'xc7a35t'
INFO: [Device 21-403] Loading part xc7a35tcpg236-1
INFO: [Designutils 20-5440] No compile time benefit to using incremental synthesis; A full resynthesis will be run
INFO: [Designutils 20-4379] Flow is switching to default flow due to incremental criteria not met. If you would like to alter this behaviour and have the flow terminate instead, please set the following parameter config_implementation {autoIncr.Synth.RejectBehavior Terminate}
INFO: [Synth 8-7079] Multithreading enabled for synth_design using a maximum of 2 processes.
INFO: [Synth 8-7078] Launching helper process for spawning children vivado processes
INFO: [Synth 8-7075] Helper process launched with PID 14872
---------------------------------------------------------------------------------
Starting RTL Elaboration : Time (s): cpu = 00:00:03 ; elapsed = 00:00:04 . Memory (MB): peak = 1301.227 ; gain = 412.367
---------------------------------------------------------------------------------
INFO: [Synth 8-638] synthesizing module 'TOP' [C:/Users/james/ETS/Hiver_2024/ELE739/ELE739-Projet_1/Projet_1/Projet_1.srcs/sources_1/new/Top_Implimentation.vhd:51]
	Parameter G_DELAI bound to: 6 - type: integer 
	Parameter G_DELAI_JAUNE bound to: 3 - type: integer 
	Parameter G_DELAI_SIZE bound to: 27 - type: integer 
INFO: [Synth 8-3491] module 'MEF_Projet_1' declared at 'C:/Users/james/ETS/Hiver_2024/ELE739/ELE739-Projet_1/Projet_1/Projet_1.srcs/sources_1/new/MEF_Projet_1.vhd:16' bound to instance 'DUT' of component 'MEF_Projet_1' [C:/Users/james/ETS/Hiver_2024/ELE739/ELE739-Projet_1/Projet_1/Projet_1.srcs/sources_1/new/Top_Implimentation.vhd:130]
INFO: [Synth 8-638] synthesizing module 'MEF_Projet_1' [C:/Users/james/ETS/Hiver_2024/ELE739/ELE739-Projet_1/Projet_1/Projet_1.srcs/sources_1/new/MEF_Projet_1.vhd:44]
	Parameter G_DELAI bound to: 6 - type: integer 
	Parameter G_DELAI_JAUNE bound to: 3 - type: integer 
	Parameter G_DELAI_SIZE bound to: 27 - type: integer 
INFO: [Synth 8-226] default block is never used [C:/Users/james/ETS/Hiver_2024/ELE739/ELE739-Projet_1/Projet_1/Projet_1.srcs/sources_1/new/MEF_Projet_1.vhd:144]
INFO: [Synth 8-226] default block is never used [C:/Users/james/ETS/Hiver_2024/ELE739/ELE739-Projet_1/Projet_1/Projet_1.srcs/sources_1/new/MEF_Projet_1.vhd:198]
	Parameter G_DELAI bound to: 6 - type: integer 
	Parameter G_DELAI_JAUNE bound to: 3 - type: integer 
	Parameter G_DELAI_SIZE bound to: 27 - type: integer 
INFO: [Synth 8-3491] module 'Feu_Traffique' declared at 'C:/Users/james/ETS/Hiver_2024/ELE739/ELE739-Projet_1/Projet_1/Projet_1.srcs/sources_1/new/Feu_Traffique.vhd:15' bound to instance 'FEU_PRIMAIRE' of component 'Feu_Traffique' [C:/Users/james/ETS/Hiver_2024/ELE739/ELE739-Projet_1/Projet_1/Projet_1.srcs/sources_1/new/MEF_Projet_1.vhd:248]
INFO: [Synth 8-638] synthesizing module 'Feu_Traffique' [C:/Users/james/ETS/Hiver_2024/ELE739/ELE739-Projet_1/Projet_1/Projet_1.srcs/sources_1/new/Feu_Traffique.vhd:35]
	Parameter G_DELAI bound to: 6 - type: integer 
	Parameter G_DELAI_JAUNE bound to: 3 - type: integer 
	Parameter G_DELAI_SIZE bound to: 27 - type: integer 
INFO: [Synth 8-226] default block is never used [C:/Users/james/ETS/Hiver_2024/ELE739/ELE739-Projet_1/Projet_1/Projet_1.srcs/sources_1/new/Feu_Traffique.vhd:62]
INFO: [Synth 8-226] default block is never used [C:/Users/james/ETS/Hiver_2024/ELE739/ELE739-Projet_1/Projet_1/Projet_1.srcs/sources_1/new/Feu_Traffique.vhd:105]
INFO: [Synth 8-256] done synthesizing module 'Feu_Traffique' (0#1) [C:/Users/james/ETS/Hiver_2024/ELE739/ELE739-Projet_1/Projet_1/Projet_1.srcs/sources_1/new/Feu_Traffique.vhd:35]
	Parameter G_DELAI bound to: 100000000 - type: integer 
	Parameter G_DELAI_SIZE bound to: 27 - type: integer 
INFO: [Synth 8-3491] module 'PRESCALAR' declared at 'C:/Users/james/ETS/Hiver_2024/ELE739/ELE739-Projet_1/Projet_1/Projet_1.srcs/sources_1/new/PRESCALAR.vhd:15' bound to instance 'PRESCALAR_PRIMAIRE' of component 'PRESCALAR' [C:/Users/james/ETS/Hiver_2024/ELE739/ELE739-Projet_1/Projet_1/Projet_1.srcs/sources_1/new/MEF_Projet_1.vhd:262]
INFO: [Synth 8-638] synthesizing module 'PRESCALAR' [C:/Users/james/ETS/Hiver_2024/ELE739/ELE739-Projet_1/Projet_1/Projet_1.srcs/sources_1/new/PRESCALAR.vhd:31]
	Parameter G_DELAI bound to: 100000000 - type: integer 
	Parameter G_DELAI_SIZE bound to: 27 - type: integer 
INFO: [Synth 8-256] done synthesizing module 'PRESCALAR' (0#1) [C:/Users/james/ETS/Hiver_2024/ELE739/ELE739-Projet_1/Projet_1/Projet_1.srcs/sources_1/new/PRESCALAR.vhd:31]
	Parameter G_DELAI bound to: 6 - type: integer 
	Parameter G_DELAI_JAUNE bound to: 3 - type: integer 
	Parameter G_DELAI_SIZE bound to: 27 - type: integer 
INFO: [Synth 8-3491] module 'Feu_Traffique' declared at 'C:/Users/james/ETS/Hiver_2024/ELE739/ELE739-Projet_1/Projet_1/Projet_1.srcs/sources_1/new/Feu_Traffique.vhd:15' bound to instance 'FEU_SECONDAIRE' of component 'Feu_Traffique' [C:/Users/james/ETS/Hiver_2024/ELE739/ELE739-Projet_1/Projet_1/Projet_1.srcs/sources_1/new/MEF_Projet_1.vhd:273]
	Parameter G_DELAI bound to: 100000000 - type: integer 
	Parameter G_DELAI_SIZE bound to: 27 - type: integer 
INFO: [Synth 8-3491] module 'PRESCALAR' declared at 'C:/Users/james/ETS/Hiver_2024/ELE739/ELE739-Projet_1/Projet_1/Projet_1.srcs/sources_1/new/PRESCALAR.vhd:15' bound to instance 'PRESCALAR_SECONDAIRE' of component 'PRESCALAR' [C:/Users/james/ETS/Hiver_2024/ELE739/ELE739-Projet_1/Projet_1/Projet_1.srcs/sources_1/new/MEF_Projet_1.vhd:287]
	Parameter G_DELAI_CONTINU bound to: 3 - type: integer 
	Parameter G_DELAI_CLIGNOTE bound to: 6 - type: integer 
	Parameter G_DELAI_SIZE bound to: 27 - type: integer 
INFO: [Synth 8-3491] module 'FEU_FPTP' declared at 'C:/Users/james/ETS/Hiver_2024/ELE739/ELE739-Projet_1/Projet_1/Projet_1.srcs/sources_1/new/Feu_PTP.vhd:16' bound to instance 'FEU_PTP' of component 'Feu_FPTP' [C:/Users/james/ETS/Hiver_2024/ELE739/ELE739-Projet_1/Projet_1/Projet_1.srcs/sources_1/new/MEF_Projet_1.vhd:298]
INFO: [Synth 8-638] synthesizing module 'FEU_FPTP' [C:/Users/james/ETS/Hiver_2024/ELE739/ELE739-Projet_1/Projet_1/Projet_1.srcs/sources_1/new/Feu_PTP.vhd:33]
	Parameter G_DELAI_CONTINU bound to: 3 - type: integer 
	Parameter G_DELAI_CLIGNOTE bound to: 6 - type: integer 
	Parameter G_DELAI_SIZE bound to: 27 - type: integer 
INFO: [Synth 8-226] default block is never used [C:/Users/james/ETS/Hiver_2024/ELE739/ELE739-Projet_1/Projet_1/Projet_1.srcs/sources_1/new/Feu_PTP.vhd:56]
INFO: [Synth 8-226] default block is never used [C:/Users/james/ETS/Hiver_2024/ELE739/ELE739-Projet_1/Projet_1/Projet_1.srcs/sources_1/new/Feu_PTP.vhd:89]
INFO: [Synth 8-256] done synthesizing module 'FEU_FPTP' (0#1) [C:/Users/james/ETS/Hiver_2024/ELE739/ELE739-Projet_1/Projet_1/Projet_1.srcs/sources_1/new/Feu_PTP.vhd:33]
	Parameter G_DELAI bound to: 100000000 - type: integer 
	Parameter G_DELAI_SIZE bound to: 27 - type: integer 
INFO: [Synth 8-3491] module 'PRESCALAR' declared at 'C:/Users/james/ETS/Hiver_2024/ELE739/ELE739-Projet_1/Projet_1/Projet_1.srcs/sources_1/new/PRESCALAR.vhd:15' bound to instance 'PRESCALAR_PTP' of component 'PRESCALAR' [C:/Users/james/ETS/Hiver_2024/ELE739/ELE739-Projet_1/Projet_1/Projet_1.srcs/sources_1/new/MEF_Projet_1.vhd:310]
INFO: [Synth 8-256] done synthesizing module 'MEF_Projet_1' (0#1) [C:/Users/james/ETS/Hiver_2024/ELE739/ELE739-Projet_1/Projet_1/Projet_1.srcs/sources_1/new/MEF_Projet_1.vhd:44]
	Parameter G_DELAI bound to: 99999999 - type: integer 
	Parameter G_DELAI_SIZE bound to: 27 - type: integer 
INFO: [Synth 8-3491] module 'PRESCALAR' declared at 'C:/Users/james/ETS/Hiver_2024/ELE739/ELE739-Projet_1/Projet_1/Projet_1.srcs/sources_1/new/PRESCALAR.vhd:15' bound to instance 'PRESCALAR_PTP' of component 'PRESCALAR' [C:/Users/james/ETS/Hiver_2024/ELE739/ELE739-Projet_1/Projet_1/Projet_1.srcs/sources_1/new/Top_Implimentation.vhd:152]
INFO: [Synth 8-638] synthesizing module 'PRESCALAR__parameterized2' [C:/Users/james/ETS/Hiver_2024/ELE739/ELE739-Projet_1/Projet_1/Projet_1.srcs/sources_1/new/PRESCALAR.vhd:31]
	Parameter G_DELAI bound to: 99999999 - type: integer 
	Parameter G_DELAI_SIZE bound to: 27 - type: integer 
INFO: [Synth 8-256] done synthesizing module 'PRESCALAR__parameterized2' (0#1) [C:/Users/james/ETS/Hiver_2024/ELE739/ELE739-Projet_1/Projet_1/Projet_1.srcs/sources_1/new/PRESCALAR.vhd:31]
INFO: [Synth 8-3491] module 'ila_0' declared at 'C:/Users/james/ETS/Hiver_2024/ELE739/ELE739-Projet_1/Projet_1/Projet_1.runs/synth_1/.Xil/Vivado-14976-LAPTOP-UPJBM0EE/realtime/ila_0_stub.v:6' bound to instance 'ILA' of component 'ila_0' [C:/Users/james/ETS/Hiver_2024/ELE739/ELE739-Projet_1/Projet_1/Projet_1.srcs/sources_1/new/Top_Implimentation.vhd:162]
INFO: [Synth 8-6157] synthesizing module 'ila_0' [C:/Users/james/ETS/Hiver_2024/ELE739/ELE739-Projet_1/Projet_1/Projet_1.runs/synth_1/.Xil/Vivado-14976-LAPTOP-UPJBM0EE/realtime/ila_0_stub.v:6]
INFO: [Synth 8-6155] done synthesizing module 'ila_0' (0#1) [C:/Users/james/ETS/Hiver_2024/ELE739/ELE739-Projet_1/Projet_1/Projet_1.runs/synth_1/.Xil/Vivado-14976-LAPTOP-UPJBM0EE/realtime/ila_0_stub.v:6]
INFO: [Synth 8-256] done synthesizing module 'TOP' (0#1) [C:/Users/james/ETS/Hiver_2024/ELE739/ELE739-Projet_1/Projet_1/Projet_1.srcs/sources_1/new/Top_Implimentation.vhd:51]
INFO: [Synth 8-6071] Mark debug on the nets applies keep_hierarchy on instance 'ILA'. This will prevent further optimization [C:/Users/james/ETS/Hiver_2024/ELE739/ELE739-Projet_1/Projet_1/Projet_1.srcs/sources_1/new/Top_Implimentation.vhd:162]
INFO: [Synth 8-6071] Mark debug on the nets applies keep_hierarchy on instance 'PRESCALAR_PTP'. This will prevent further optimization [C:/Users/james/ETS/Hiver_2024/ELE739/ELE739-Projet_1/Projet_1/Projet_1.srcs/sources_1/new/Top_Implimentation.vhd:152]
INFO: [Synth 8-6071] Mark debug on the nets applies keep_hierarchy on instance 'DUT'. This will prevent further optimization [C:/Users/james/ETS/Hiver_2024/ELE739/ELE739-Projet_1/Projet_1/Projet_1.srcs/sources_1/new/Top_Implimentation.vhd:130]
---------------------------------------------------------------------------------
Finished RTL Elaboration : Time (s): cpu = 00:00:05 ; elapsed = 00:00:05 . Memory (MB): peak = 1396.473 ; gain = 507.613
---------------------------------------------------------------------------------
---------------------------------------------------------------------------------
Start Handling Custom Attributes
---------------------------------------------------------------------------------
---------------------------------------------------------------------------------
Finished Handling Custom Attributes : Time (s): cpu = 00:00:05 ; elapsed = 00:00:05 . Memory (MB): peak = 1396.473 ; gain = 507.613
---------------------------------------------------------------------------------
---------------------------------------------------------------------------------
Finished RTL Optimization Phase 1 : Time (s): cpu = 00:00:05 ; elapsed = 00:00:05 . Memory (MB): peak = 1396.473 ; gain = 507.613
---------------------------------------------------------------------------------
Netlist sorting complete. Time (s): cpu = 00:00:00 ; elapsed = 00:00:00.003 . Memory (MB): peak = 1396.473 ; gain = 0.000
INFO: [Project 1-570] Preparing netlist for logic optimization

Processing XDC Constraints
Initializing timing engine
Parsing XDC File [c:/Users/james/ETS/Hiver_2024/ELE739/ELE739-Projet_1/Projet_1/Projet_1.gen/sources_1/ip/ila_0/ila_0/ila_0_in_context.xdc] for cell 'ILA'
Finished Parsing XDC File [c:/Users/james/ETS/Hiver_2024/ELE739/ELE739-Projet_1/Projet_1/Projet_1.gen/sources_1/ip/ila_0/ila_0/ila_0_in_context.xdc] for cell 'ILA'
Parsing XDC File [C:/Users/james/ETS/Hiver_2024/ELE739/ELE739-Projet_1/Projet_1/Projet_1.srcs/constrs_1/new/Basys_3.xdc]
Finished Parsing XDC File [C:/Users/james/ETS/Hiver_2024/ELE739/ELE739-Projet_1/Projet_1/Projet_1.srcs/constrs_1/new/Basys_3.xdc]
INFO: [Project 1-236] Implementation specific constraints were found while reading constraint file [C:/Users/james/ETS/Hiver_2024/ELE739/ELE739-Projet_1/Projet_1/Projet_1.srcs/constrs_1/new/Basys_3.xdc]. These constraints will be ignored for synthesis but will be used in implementation. Impacted constraints are listed in the file [.Xil/TOP_propImpl.xdc].
Resolution: To avoid this warning, move constraints listed in [.Xil/TOP_propImpl.xdc] to another XDC file and exclude this new file from synthesis with the used_in_synthesis property (File Properties dialog in GUI) and re-run elaboration/synthesis.
Completed Processing XDC Constraints

Netlist sorting complete. Time (s): cpu = 00:00:00 ; elapsed = 00:00:00 . Memory (MB): peak = 1498.133 ; gain = 0.000
INFO: [Project 1-111] Unisim Transformation Summary:
No Unisim elements were transformed.

Constraint Validation Runtime : Time (s): cpu = 00:00:00 ; elapsed = 00:00:00.003 . Memory (MB): peak = 1498.133 ; gain = 0.000
INFO: [Designutils 20-5440] No compile time benefit to using incremental synthesis; A full resynthesis will be run
INFO: [Designutils 20-4379] Flow is switching to default flow due to incremental criteria not met. If you would like to alter this behaviour and have the flow terminate instead, please set the following parameter config_implementation {autoIncr.Synth.RejectBehavior Terminate}
---------------------------------------------------------------------------------
Finished Constraint Validation : Time (s): cpu = 00:00:10 ; elapsed = 00:00:11 . Memory (MB): peak = 1498.133 ; gain = 609.273
---------------------------------------------------------------------------------
---------------------------------------------------------------------------------
Start Loading Part and Timing Information
---------------------------------------------------------------------------------
Loading part: xc7a35tcpg236-1
---------------------------------------------------------------------------------
Finished Loading Part and Timing Information : Time (s): cpu = 00:00:10 ; elapsed = 00:00:11 . Memory (MB): peak = 1498.133 ; gain = 609.273
---------------------------------------------------------------------------------
---------------------------------------------------------------------------------
Start Applying 'set_property' XDC Constraints
---------------------------------------------------------------------------------
Applied set_property KEEP_HIERARCHY = SOFT for ILA. (constraint file  auto generated constraint).
---------------------------------------------------------------------------------
Finished applying 'set_property' XDC Constraints : Time (s): cpu = 00:00:10 ; elapsed = 00:00:11 . Memory (MB): peak = 1498.133 ; gain = 609.273
---------------------------------------------------------------------------------
INFO: [Synth 8-802] inferred FSM for state register 'current_state_reg' in module 'Feu_Traffique'
INFO: [Synth 8-802] inferred FSM for state register 'current_state_reg' in module 'FEU_FPTP'
INFO: [Synth 8-802] inferred FSM for state register 'current_state_reg' in module 'MEF_Projet_1'
---------------------------------------------------------------------------------------------------
                   State |                     New Encoding |                Previous Encoding 
---------------------------------------------------------------------------------------------------
                   rouge |                               00 |                               01
                    vert |                               01 |                               10
                   jaune |                               10 |                               11
                    done |                               11 |                               00
---------------------------------------------------------------------------------------------------
INFO: [Synth 8-3354] encoded FSM with state register 'current_state_reg' using encoding 'sequential' in module 'Feu_Traffique'
---------------------------------------------------------------------------------------------------
                   State |                     New Encoding |                Previous Encoding 
---------------------------------------------------------------------------------------------------
                  eteint |                               00 |                               00
                 continu |                               01 |                               10
                clignote |                               10 |                               01
                    done |                               11 |                               11
---------------------------------------------------------------------------------------------------
INFO: [Synth 8-3354] encoded FSM with state register 'current_state_reg' using encoding 'sequential' in module 'FEU_FPTP'
---------------------------------------------------------------------------------------------------
                   State |                     New Encoding |                Previous Encoding 
---------------------------------------------------------------------------------------------------
                    init |                               00 |                               00
                      fp |                               01 |                               01
                      fs |                               10 |                               10
                    fptp |                               11 |                               11
---------------------------------------------------------------------------------------------------
INFO: [Synth 8-3354] encoded FSM with state register 'current_state_reg' using encoding 'sequential' in module 'MEF_Projet_1'
---------------------------------------------------------------------------------
Finished RTL Optimization Phase 2 : Time (s): cpu = 00:00:10 ; elapsed = 00:00:11 . Memory (MB): peak = 1498.133 ; gain = 609.273
---------------------------------------------------------------------------------
---------------------------------------------------------------------------------
Start RTL Component Statistics 
---------------------------------------------------------------------------------
Detailed RTL Component Info : 
+---Adders : 
	   2 Input   27 Bit       Adders := 7     
+---Registers : 
	               27 Bit    Registers := 7     
	                1 Bit    Registers := 18    
+---Muxes : 
	   4 Input   27 Bit        Muxes := 3     
	   2 Input   27 Bit        Muxes := 4     
	   2 Input    2 Bit        Muxes := 23    
	   4 Input    2 Bit        Muxes := 8     
	   4 Input    1 Bit        Muxes := 10    
	   3 Input    1 Bit        Muxes := 5     
---------------------------------------------------------------------------------
Finished RTL Component Statistics 
---------------------------------------------------------------------------------
---------------------------------------------------------------------------------
Start Part Resource Summary
---------------------------------------------------------------------------------
Part Resources:
DSPs: 90 (col length:60)
BRAMs: 100 (col length: RAMB18 60 RAMB36 30)
---------------------------------------------------------------------------------
Finished Part Resource Summary
---------------------------------------------------------------------------------
---------------------------------------------------------------------------------
Start Cross Boundary and Area Optimization
---------------------------------------------------------------------------------
WARNING: [Synth 8-7080] Parallel synthesis criteria is not met
---------------------------------------------------------------------------------
Finished Cross Boundary and Area Optimization : Time (s): cpu = 00:00:13 ; elapsed = 00:00:14 . Memory (MB): peak = 1498.133 ; gain = 609.273
---------------------------------------------------------------------------------
---------------------------------------------------------------------------------
Start Applying XDC Timing Constraints
---------------------------------------------------------------------------------
---------------------------------------------------------------------------------
Finished Applying XDC Timing Constraints : Time (s): cpu = 00:00:16 ; elapsed = 00:00:17 . Memory (MB): peak = 1498.133 ; gain = 609.273
---------------------------------------------------------------------------------
---------------------------------------------------------------------------------
Start Timing Optimization
---------------------------------------------------------------------------------
---------------------------------------------------------------------------------
Finished Timing Optimization : Time (s): cpu = 00:00:16 ; elapsed = 00:00:17 . Memory (MB): peak = 1498.133 ; gain = 609.273
---------------------------------------------------------------------------------
---------------------------------------------------------------------------------
Start Technology Mapping
---------------------------------------------------------------------------------
---------------------------------------------------------------------------------
Finished Technology Mapping : Time (s): cpu = 00:00:16 ; elapsed = 00:00:17 . Memory (MB): peak = 1498.133 ; gain = 609.273
---------------------------------------------------------------------------------
---------------------------------------------------------------------------------
Start IO Insertion
---------------------------------------------------------------------------------
---------------------------------------------------------------------------------
Start Flattening Before IO Insertion
---------------------------------------------------------------------------------
---------------------------------------------------------------------------------
Finished Flattening Before IO Insertion
---------------------------------------------------------------------------------
---------------------------------------------------------------------------------
Start Final Netlist Cleanup
---------------------------------------------------------------------------------
---------------------------------------------------------------------------------
Finished Final Netlist Cleanup
---------------------------------------------------------------------------------
---------------------------------------------------------------------------------
Finished IO Insertion : Time (s): cpu = 00:00:20 ; elapsed = 00:00:21 . Memory (MB): peak = 1498.133 ; gain = 609.273
---------------------------------------------------------------------------------
---------------------------------------------------------------------------------
Start Renaming Generated Instances
---------------------------------------------------------------------------------
---------------------------------------------------------------------------------
Finished Renaming Generated Instances : Time (s): cpu = 00:00:20 ; elapsed = 00:00:21 . Memory (MB): peak = 1498.133 ; gain = 609.273
---------------------------------------------------------------------------------
---------------------------------------------------------------------------------
Start Rebuilding User Hierarchy
---------------------------------------------------------------------------------
---------------------------------------------------------------------------------
Finished Rebuilding User Hierarchy : Time (s): cpu = 00:00:20 ; elapsed = 00:00:21 . Memory (MB): peak = 1498.133 ; gain = 609.273
---------------------------------------------------------------------------------
---------------------------------------------------------------------------------
Start Renaming Generated Ports
---------------------------------------------------------------------------------
---------------------------------------------------------------------------------
Finished Renaming Generated Ports : Time (s): cpu = 00:00:20 ; elapsed = 00:00:21 . Memory (MB): peak = 1498.133 ; gain = 609.273
---------------------------------------------------------------------------------
---------------------------------------------------------------------------------
Start Handling Custom Attributes
---------------------------------------------------------------------------------
---------------------------------------------------------------------------------
Finished Handling Custom Attributes : Time (s): cpu = 00:00:20 ; elapsed = 00:00:21 . Memory (MB): peak = 1498.133 ; gain = 609.273
---------------------------------------------------------------------------------
---------------------------------------------------------------------------------
Start Renaming Generated Nets
---------------------------------------------------------------------------------
---------------------------------------------------------------------------------
Finished Renaming Generated Nets : Time (s): cpu = 00:00:20 ; elapsed = 00:00:21 . Memory (MB): peak = 1498.133 ; gain = 609.273
---------------------------------------------------------------------------------
---------------------------------------------------------------------------------
Start Writing Synthesis Report
---------------------------------------------------------------------------------

Report BlackBoxes: 
+------+--------------+----------+
|      |BlackBox name |Instances |
+------+--------------+----------+
|1     |ila_0         |         1|
+------+--------------+----------+

Report Cell Usage: 
+------+-------+------+
|      |Cell   |Count |
+------+-------+------+
|1     |ila    |     1|
|2     |BUFG   |     1|
|3     |CARRY4 |    49|
|4     |LUT1   |     1|
|5     |LUT2   |     8|
|6     |LUT3   |    84|
|7     |LUT4   |    90|
|8     |LUT5   |    46|
|9     |LUT6   |    50|
|10    |FDRE   |   213|
|11    |FDSE   |     2|
|12    |IBUF   |     3|
|13    |OBUF   |     8|
+------+-------+------+
---------------------------------------------------------------------------------
Finished Writing Synthesis Report : Time (s): cpu = 00:00:20 ; elapsed = 00:00:21 . Memory (MB): peak = 1498.133 ; gain = 609.273
---------------------------------------------------------------------------------
Synthesis finished with 0 errors, 0 critical warnings and 1 warnings.
Synthesis Optimization Runtime : Time (s): cpu = 00:00:14 ; elapsed = 00:00:19 . Memory (MB): peak = 1498.133 ; gain = 507.613
Synthesis Optimization Complete : Time (s): cpu = 00:00:20 ; elapsed = 00:00:21 . Memory (MB): peak = 1498.133 ; gain = 609.273
INFO: [Project 1-571] Translating synthesized netlist
Netlist sorting complete. Time (s): cpu = 00:00:00 ; elapsed = 00:00:00.004 . Memory (MB): peak = 1498.133 ; gain = 0.000
INFO: [Netlist 29-17] Analyzing 49 Unisim elements for replacement
INFO: [Netlist 29-28] Unisim Transformation completed in 0 CPU seconds
INFO: [Project 1-570] Preparing netlist for logic optimization
INFO: [Opt 31-138] Pushed 0 inverter(s) to 0 load pin(s).
Netlist sorting complete. Time (s): cpu = 00:00:00 ; elapsed = 00:00:00 . Memory (MB): peak = 1498.133 ; gain = 0.000
INFO: [Project 1-111] Unisim Transformation Summary:
No Unisim elements were transformed.

Synth Design complete | Checksum: 6e9172e9
INFO: [Common 17-83] Releasing license: Synthesis
59 Infos, 1 Warnings, 0 Critical Warnings and 0 Errors encountered.
synth_design completed successfully
synth_design: Time (s): cpu = 00:00:24 ; elapsed = 00:00:25 . Memory (MB): peak = 1498.133 ; gain = 980.305
INFO: [Common 17-600] The following parameters have non-default value.
tcl.collectionResultDisplayLimit
INFO: [Common 17-1381] The checkpoint 'C:/Users/james/ETS/Hiver_2024/ELE739/ELE739-Projet_1/Projet_1/Projet_1.runs/synth_1/TOP.dcp' has been generated.
INFO: [runtcl-4] Executing : report_utilization -file TOP_utilization_synth.rpt -pb TOP_utilization_synth.pb
INFO: [Common 17-206] Exiting Vivado at Mon Feb 19 21:55:16 2024...
